<?xml version="1.0" encoding="UTF-8"?>
<testsuite xmlns:xsi="http://www.w3.org/2001/XMLSchema-instance" xsi:noNamespaceSchemaLocation="https://maven.apache.org/surefire/maven-surefire-plugin/xsd/surefire-test-report-3.0.xsd" version="3.0" name="com.projarq.nameserver.NameserverApplicationTests" time="2.375" tests="1" errors="0" skipped="0" failures="0">
  <properties>
[...]
</properties>
  <testcase name="contextLoads" classname="com.projarq.nameserver.NameserverApplicationTests" time="0.475">
    <system-out><![CDATA[Standard Commons Logging discovery in action with spring-jcl: please remove commons-logging.jar from classpath in order to avoid potential conflicts
12:58:51.238 [main] INFO org.springframework.test.context.support.AnnotationConfigContextLoaderUtils -- Could not detect default configuration classes for test class [com.projarq.nameserver.NameserverApplicationTests]: NameserverApplicationTests does not declare any static, non-private, non-final, nested classes annotated with @Configuration.
12:58:51.291 [main] INFO org.springframework.boot.test.context.SpringBootTestContextBootstrapper -- Found @SpringBootConfiguration com.projarq.nameserver.NameserverApplication for test class com.projarq.nameserver.NameserverApplicationTests
12:58:51.365 [main] INFO org.springframework.boot.devtools.restart.RestartApplicationListener -- Restart disabled due to context in which it is running

  .   ____          _            __ _ _
 /\\ / ___'_ __ _ _(_)_ __  __ _ \ \ \ \
( ( )\___ | '_ | '_| | '_ \/ _` | \ \ \ \
 \\/  ___)| |_)| | | | | || (_| |  ) ) ) )
  '  |____| .__|_| |_|_| |_\__, | / / / /
 =========|_|==============|___/=/_/_/_/
 :: Spring Boot ::                (v3.2.7)

2024-11-24T12:58:51.505-03:00  INFO 93183 --- [nameserver] [           main] c.p.n.NameserverApplicationTests         : Starting NameserverApplicationTests using Java 23.0.1 with PID 93183 (started by marinayamaguti in /Users/marinayamaguti/Desktop/T2-MS-PROJARQ/nameserver)
2024-11-24T12:58:51.506-03:00  INFO 93183 --- [nameserver] [           main] c.p.n.NameserverApplicationTests         : No active profile set, falling back to 1 default profile: "default"
2024-11-24T12:58:52.010-03:00  INFO 93183 --- [nameserver] [           main] o.s.cloud.context.scope.GenericScope     : BeanFactory id=521e398f-9c88-387d-8dd0-e3462123b469
2024-11-24T12:58:52.058-03:00  WARN 93183 --- [nameserver] [           main] trationDelegate$BeanPostProcessorChecker : Bean 'org.springframework.cloud.client.loadbalancer.LoadBalancerAutoConfiguration$DeferringLoadBalancerInterceptorConfig' of type [org.springframework.cloud.client.loadbalancer.LoadBalancerAutoConfiguration$DeferringLoadBalancerInterceptorConfig] is not eligible for getting processed by all BeanPostProcessors (for example: not eligible for auto-proxying). The currently created BeanPostProcessor [lbRestClientPostProcessor] is declared through a non-static factory method on that class; consider declaring it as static instead.
2024-11-24T12:58:52.060-03:00  WARN 93183 --- [nameserver] [           main] trationDelegate$BeanPostProcessorChecker : Bean 'deferringLoadBalancerInterceptor' of type [org.springframework.cloud.client.loadbalancer.DeferringLoadBalancerInterceptor] is not eligible for getting processed by all BeanPostProcessors (for example: not eligible for auto-proxying). Is this bean getting eagerly injected into a currently created BeanPostProcessor [lbRestClientPostProcessor]? Check the corresponding BeanPostProcessor declaration and its dependencies.
2024-11-24T12:58:52.597-03:00  WARN 93183 --- [nameserver] [           main] iguration$LoadBalancerCaffeineWarnLogger : Spring Cloud LoadBalancer is currently working with the default cache. While this cache implementation is useful for development and tests, it's recommended to use Caffeine cache in production.You can switch to using Caffeine cache, by adding it and org.springframework.cache.caffeine.CaffeineCacheManager to the classpath.
2024-11-24T12:58:52.747-03:00  INFO 93183 --- [nameserver] [           main] o.s.c.n.eureka.InstanceInfoFactory       : Setting initial instance status as: STARTING
2024-11-24T12:58:52.757-03:00  INFO 93183 --- [nameserver] [           main] com.netflix.discovery.DiscoveryClient    : Initializing Eureka in region us-east-1
2024-11-24T12:58:52.758-03:00  INFO 93183 --- [nameserver] [           main] com.netflix.discovery.DiscoveryClient    : Client configured to neither register nor query for data.
2024-11-24T12:58:52.761-03:00  INFO 93183 --- [nameserver] [           main] com.netflix.discovery.DiscoveryClient    : Discovery Client initialized at timestamp 1732463932760 with initial instances count: 0
2024-11-24T12:58:52.778-03:00  INFO 93183 --- [nameserver] [           main] c.n.eureka.DefaultEurekaServerContext    : Initializing ...
2024-11-24T12:58:52.779-03:00  INFO 93183 --- [nameserver] [           main] c.n.eureka.cluster.PeerEurekaNodes       : Adding new peer nodes [http://localhost:8761/eureka/]
2024-11-24T12:58:52.853-03:00  INFO 93183 --- [nameserver] [           main] c.n.d.provider.DiscoveryJerseyProvider   : Using JSON encoding codec LegacyJacksonJson
2024-11-24T12:58:52.853-03:00  INFO 93183 --- [nameserver] [           main] c.n.d.provider.DiscoveryJerseyProvider   : Using JSON decoding codec LegacyJacksonJson
2024-11-24T12:58:52.854-03:00  INFO 93183 --- [nameserver] [           main] c.n.d.provider.DiscoveryJerseyProvider   : Using XML encoding codec XStreamXml
2024-11-24T12:58:52.854-03:00  INFO 93183 --- [nameserver] [           main] c.n.d.provider.DiscoveryJerseyProvider   : Using XML decoding codec XStreamXml
2024-11-24T12:58:52.943-03:00  INFO 93183 --- [nameserver] [           main] c.n.eureka.cluster.PeerEurekaNodes       : Replica node URL:  http://localhost:8761/eureka/
2024-11-24T12:58:52.947-03:00  INFO 93183 --- [nameserver] [           main] c.n.e.registry.AbstractInstanceRegistry  : Finished initializing remote region registries. All known remote regions: []
2024-11-24T12:58:52.947-03:00  INFO 93183 --- [nameserver] [           main] c.n.eureka.DefaultEurekaServerContext    : Initialized
2024-11-24T12:58:52.990-03:00  INFO 93183 --- [nameserver] [           main] o.s.b.a.e.web.EndpointLinksResolver      : Exposing 16 endpoint(s) beneath base path '/actuator'
2024-11-24T12:58:53.024-03:00  INFO 93183 --- [nameserver] [           main] o.s.c.n.e.s.EurekaServiceRegistry        : Registering application NAMESERVER with eureka with status UP
2024-11-24T12:58:53.028-03:00  INFO 93183 --- [nameserver] [      Thread-11] o.s.c.n.e.server.EurekaServerBootstrap   : isAws returned false
2024-11-24T12:58:53.029-03:00  INFO 93183 --- [nameserver] [      Thread-11] o.s.c.n.e.server.EurekaServerBootstrap   : Initialized server context
2024-11-24T12:58:53.029-03:00  INFO 93183 --- [nameserver] [      Thread-11] c.n.e.r.PeerAwareInstanceRegistryImpl    : Got 1 instances from neighboring DS node
2024-11-24T12:58:53.029-03:00  INFO 93183 --- [nameserver] [      Thread-11] c.n.e.r.PeerAwareInstanceRegistryImpl    : Renew threshold is: 1
2024-11-24T12:58:53.029-03:00  INFO 93183 --- [nameserver] [      Thread-11] c.n.e.r.PeerAwareInstanceRegistryImpl    : Changing status to UP
2024-11-24T12:58:53.032-03:00  INFO 93183 --- [nameserver] [      Thread-11] e.s.EurekaServerInitializerConfiguration : Started Eureka Server
2024-11-24T12:58:53.038-03:00  INFO 93183 --- [nameserver] [           main] c.p.n.NameserverApplicationTests         : Started NameserverApplicationTests in 1.679 seconds (process running for 2.207)
]]></system-out>
    <system-err><![CDATA[WARNING: A Java agent has been loaded dynamically (/Users/marinayamaguti/.m2/repository/net/bytebuddy/byte-buddy-agent/1.14.17/byte-buddy-agent-1.14.17.jar)
WARNING: If a serviceability tool is in use, please run with -XX:+EnableDynamicAgentLoading to hide this warning
WARNING: If a serviceability tool is not in use, please run with -Djdk.instrument.traceUsage for more information
WARNING: Dynamic loading of agents will be disallowed by default in a future release
]]></system-err>
  </testcase>
</testsuite>